生成启动时间为 2014-6-6 星期五 21:17:08。
     1>项目“F:\vs\MPTCP\MPTCP\MPTCP.vcxproj”在节点 2 上(build 个目标)。
     1>InitializeBuildStatus:
         正在创建“Debug\MPTCP.unsuccessfulbuild”，因为已指定“AlwaysCreate”。
       ClCompile:
         D:\Program Files\Microsoft Visual Studio 10.0\VC\bin\CL.exe /c /ZI /nologo /W3 /WX- /Od /Oy- /D WIN32 /D WPCAP /D HAVE_REMOTE /D _MBCS /Gm /EHsc /RTC1 /MDd /GS /fp:precise /Zc:wchar_t /Zc:forScope /Fo"Debug\\" /Fd"Debug\vc100.pdb" /Gd /TP /analyze- /errorReport:prompt pCap.cpp
         pCap.cpp
     1>f:\vs\mptcp\mptcp\pcap.cpp(91): warning C4244: “参数”: 从“u_int64_t”转换到“u_long”，可能丢失数据
     1>f:\vs\mptcp\mptcp\pcap.cpp(92): warning C4244: “参数”: 从“u_int64_t”转换到“u_long”，可能丢失数据
     1>f:\vs\mptcp\mptcp\pcap.cpp(159): warning C4244: “=”: 从“unsigned __int64”转换到“u_int32_t”，可能丢失数据
     1>f:\vs\mptcp\mptcp\pcap.cpp(672): warning C4018: “<”: 有符号/无符号不匹配
       Link:
         D:\Program Files\Microsoft Visual Studio 10.0\VC\bin\link.exe /ERRORREPORT:PROMPT /OUT:"F:\vs\MPTCP\Debug\MPTCP.exe" /NOLOGO kernel32.lib user32.lib gdi32.lib winspool.lib comdlg32.lib advapi32.lib shell32.lib ole32.lib oleaut32.lib uuid.lib odbc32.lib odbccp32.lib /MANIFEST /ManifestFile:"Debug\MPTCP.exe.intermediate.manifest" /MANIFESTUAC:"level='asInvoker' uiAccess='false'" /DEBUG /PDB:"F:\vs\MPTCP\Debug\MPTCP.pdb" /TLBID:1 /DYNAMICBASE /NXCOMPAT /IMPLIB:"F:\vs\MPTCP\Debug\MPTCP.lib" /MACHINE:X86 Debug\pCap.obj
         LINK : 没有找到 F:\vs\MPTCP\Debug\MPTCP.exe 或上一个增量链接没有生成它；正在执行完全链接
         MPTCP.vcxproj -> F:\vs\MPTCP\Debug\MPTCP.exe
       Manifest:
         C:\Program Files\Microsoft SDKs\Windows\v7.0A\bin\mt.exe /nologo /verbose /outputresource:"F:\vs\MPTCP\Debug\MPTCP.exe;#1" /manifest Debug\MPTCP.exe.intermediate.manifest
       FinalizeBuildStatus:
         正在删除文件“Debug\MPTCP.unsuccessfulbuild”。
         正在对“Debug\MPTCP.lastbuildstate”执行 Touch 任务。
     1>已完成生成项目“F:\vs\MPTCP\MPTCP\MPTCP.vcxproj”(build 个目标)的操作。

生成成功。

已用时间 00:00:02.28
